gyp info it worked if it ends with ok
gyp info using node-gyp@11.0.0
gyp info using node@23.11.0 | darwin | arm64
gyp info find Python using Python version 3.9.6 found at "/Library/Developer/CommandLineTools/usr/bin/python3"

gyp info spawn /Library/Developer/CommandLineTools/usr/bin/python3
gyp info spawn args [
gyp info spawn args '/opt/homebrew/lib/node_modules/npm/node_modules/node-gyp/gyp/gyp_main.py',
gyp info spawn args 'binding.gyp',
gyp info spawn args '-f',
gyp info spawn args 'make',
gyp info spawn args '-I',
gyp info spawn args '/Users/ainur/Desktop/js30/19UnrealWebcamFun/node_modules/uws/build/config.gypi',
gyp info spawn args '-I',
gyp info spawn args '/opt/homebrew/lib/node_modules/npm/node_modules/node-gyp/addon.gypi',
gyp info spawn args '-I',
gyp info spawn args '/Users/ainur/Library/Caches/node-gyp/23.11.0/include/node/common.gypi',
gyp info spawn args '-Dlibrary=shared_library',
gyp info spawn args '-Dvisibility=default',
gyp info spawn args '-Dnode_root_dir=/Users/ainur/Library/Caches/node-gyp/23.11.0',
gyp info spawn args '-Dnode_gyp_dir=/opt/homebrew/lib/node_modules/npm/node_modules/node-gyp',
gyp info spawn args '-Dnode_lib_file=/Users/ainur/Library/Caches/node-gyp/23.11.0/<(target_arch)/node.lib',
gyp info spawn args '-Dmodule_root_dir=/Users/ainur/Desktop/js30/19UnrealWebcamFun/node_modules/uws',
gyp info spawn args '-Dnode_engine=v8',
gyp info spawn args '--depth=.',
gyp info spawn args '--no-parallel',
gyp info spawn args '--generator-output',
gyp info spawn args 'build',
gyp info spawn args '-Goutput_dir=.'
gyp info spawn args ]
gyp info spawn make
gyp info spawn args [ 'BUILDTYPE=Release', '-C', 'build' ]
  CXX(target) Release/obj.target/uws/src/Extensions.o
  CXX(target) Release/obj.target/uws/src/Group.o
In file included from ../src/Group.cpp:1:
In file included from ../src/Group.h:5:
../src/HTTPSocket.h:207:63: warning: 'sprintf' is deprecated: This function is provided for compatibility reasons only.  Due to security concerns inherent in the design of sprintf(3), it is highly recommended that you use snprintf(3) instead. [-Wdeprecated-declarations]
                int offset = transformData.hasHead ? 0 : std::sprintf(dst, "HTTP/1.1 200 OK\r\nContent-Length: %u\r\n\r\n", (unsigned int) length);
                                                              ^
/Library/Developer/CommandLineTools/SDKs/MacOSX.sdk/usr/include/stdio.h:188:1: note: 'sprintf' has been explicitly marked deprecated here
__deprecated_msg("This function is provided for compatibility reasons only.  Due to security concerns inherent in the design of sprintf(3), it is highly recommended that you use snprintf(3) instead.")
^
/Library/Developer/CommandLineTools/SDKs/MacOSX.sdk/usr/include/sys/cdefs.h:215:48: note: expanded from macro '__deprecated_msg'
        #define __deprecated_msg(_msg) __attribute__((__deprecated__(_msg)))
                                                      ^
1 warning generated.
  CXX(target) Release/obj.target/uws/src/Networking.o
  CXX(target) Release/obj.target/uws/src/Hub.o
In file included from ../src/Hub.cpp:1:
In file included from ../src/Hub.h:4:
In file included from ../src/Group.h:5:
../src/HTTPSocket.h:207:63: warning: 'sprintf' is deprecated: This function is provided for compatibility reasons only.  Due to security concerns inherent in the design of sprintf(3), it is highly recommended that you use snprintf(3) instead. [-Wdeprecated-declarations]
                int offset = transformData.hasHead ? 0 : std::sprintf(dst, "HTTP/1.1 200 OK\r\nContent-Length: %u\r\n\r\n", (unsigned int) length);
                                                              ^
/Library/Developer/CommandLineTools/SDKs/MacOSX.sdk/usr/include/stdio.h:188:1: note: 'sprintf' has been explicitly marked deprecated here
__deprecated_msg("This function is provided for compatibility reasons only.  Due to security concerns inherent in the design of sprintf(3), it is highly recommended that you use snprintf(3) instead.")
^
/Library/Developer/CommandLineTools/SDKs/MacOSX.sdk/usr/include/sys/cdefs.h:215:48: note: expanded from macro '__deprecated_msg'
        #define __deprecated_msg(_msg) __attribute__((__deprecated__(_msg)))
                                                      ^
1 warning generated.
  CXX(target) Release/obj.target/uws/src/Node.o
  CXX(target) Release/obj.target/uws/src/WebSocket.o
In file included from ../src/WebSocket.cpp:2:
In file included from ../src/Group.h:5:
../src/HTTPSocket.h:207:63: warning: 'sprintf' is deprecated: This function is provided for compatibility reasons only.  Due to security concerns inherent in the design of sprintf(3), it is highly recommended that you use snprintf(3) instead. [-Wdeprecated-declarations]
                int offset = transformData.hasHead ? 0 : std::sprintf(dst, "HTTP/1.1 200 OK\r\nContent-Length: %u\r\n\r\n", (unsigned int) length);
                                                              ^
/Library/Developer/CommandLineTools/SDKs/MacOSX.sdk/usr/include/stdio.h:188:1: note: 'sprintf' has been explicitly marked deprecated here
__deprecated_msg("This function is provided for compatibility reasons only.  Due to security concerns inherent in the design of sprintf(3), it is highly recommended that you use snprintf(3) instead.")
^
/Library/Developer/CommandLineTools/SDKs/MacOSX.sdk/usr/include/sys/cdefs.h:215:48: note: expanded from macro '__deprecated_msg'
        #define __deprecated_msg(_msg) __attribute__((__deprecated__(_msg)))
                                                      ^
1 warning generated.
  CXX(target) Release/obj.target/uws/src/HTTPSocket.o
In file included from ../src/HTTPSocket.cpp:1:
../src/HTTPSocket.h:207:63: warning: 'sprintf' is deprecated: This function is provided for compatibility reasons only.  Due to security concerns inherent in the design of sprintf(3), it is highly recommended that you use snprintf(3) instead. [-Wdeprecated-declarations]
                int offset = transformData.hasHead ? 0 : std::sprintf(dst, "HTTP/1.1 200 OK\r\nContent-Length: %u\r\n\r\n", (unsigned int) length);
                                                              ^
/Library/Developer/CommandLineTools/SDKs/MacOSX.sdk/usr/include/stdio.h:188:1: note: 'sprintf' has been explicitly marked deprecated here
__deprecated_msg("This function is provided for compatibility reasons only.  Due to security concerns inherent in the design of sprintf(3), it is highly recommended that you use snprintf(3) instead.")
^
/Library/Developer/CommandLineTools/SDKs/MacOSX.sdk/usr/include/sys/cdefs.h:215:48: note: expanded from macro '__deprecated_msg'
        #define __deprecated_msg(_msg) __attribute__((__deprecated__(_msg)))
                                                      ^
1 warning generated.
  CXX(target) Release/obj.target/uws/src/Socket.o
  CXX(target) Release/obj.target/uws/src/addon.o
In file included from ../src/addon.cpp:1:
In file included from ../src/../src/uWS.h:4:
In file included from ../src/Hub.h:4:
In file included from ../src/Group.h:5:
../src/HTTPSocket.h:207:63: warning: 'sprintf' is deprecated: This function is provided for compatibility reasons only.  Due to security concerns inherent in the design of sprintf(3), it is highly recommended that you use snprintf(3) instead. [-Wdeprecated-declarations]
                int offset = transformData.hasHead ? 0 : std::sprintf(dst, "HTTP/1.1 200 OK\r\nContent-Length: %u\r\n\r\n", (unsigned int) length);
                                                              ^
/Library/Developer/CommandLineTools/SDKs/MacOSX.sdk/usr/include/stdio.h:188:1: note: 'sprintf' has been explicitly marked deprecated here
__deprecated_msg("This function is provided for compatibility reasons only.  Due to security concerns inherent in the design of sprintf(3), it is highly recommended that you use snprintf(3) instead.")
^
/Library/Developer/CommandLineTools/SDKs/MacOSX.sdk/usr/include/sys/cdefs.h:215:48: note: expanded from macro '__deprecated_msg'
        #define __deprecated_msg(_msg) __attribute__((__deprecated__(_msg)))
                                                      ^
In file included from ../src/addon.cpp:2:
In file included from ../src/addon.h:1:
In file included from /Users/ainur/Library/Caches/node-gyp/23.11.0/include/node/node.h:73:
In file included from /Users/ainur/Library/Caches/node-gyp/23.11.0/include/node/v8.h:23:
In file included from /Users/ainur/Library/Caches/node-gyp/23.11.0/include/node/cppgc/common.h:8:
/Users/ainur/Library/Caches/node-gyp/23.11.0/include/node/v8config.h:13:2: error: "C++20 or later required."
#error "C++20 or later required."
 ^
In file included from ../src/addon.cpp:2:
In file included from ../src/addon.h:1:
In file included from /Users/ainur/Library/Caches/node-gyp/23.11.0/include/node/node.h:73:
In file included from /Users/ainur/Library/Caches/node-gyp/23.11.0/include/node/v8.h:24:
In file included from /Users/ainur/Library/Caches/node-gyp/23.11.0/include/node/v8-array-buffer.h:12:
In file included from /Users/ainur/Library/Caches/node-gyp/23.11.0/include/node/v8-local-handle.h:13:
In file included from /Users/ainur/Library/Caches/node-gyp/23.11.0/include/node/v8-handle-base.h:8:
/Users/ainur/Library/Caches/node-gyp/23.11.0/include/node/v8-internal.h:93:36: error: no type named 'enable_if_t' in namespace 'std'
  template <class T, typename std::enable_if_t<std::is_integral_v<T> &&
                     ~~~~~~~~~~~~~~^~~~~~~~~~~
/Users/ainur/Library/Caches/node-gyp/23.11.0/include/node/v8-internal.h:93:47: error: expected ',' or '>' in template-parameter-list
  template <class T, typename std::enable_if_t<std::is_integral_v<T> &&
                                              ^
/Users/ainur/Library/Caches/node-gyp/23.11.0/include/node/v8-internal.h:94:53: error: no template named 'is_signed_v' in namespace 'std'; did you mean 'is_signed'?
                                               std::is_signed_v<T>>* = nullptr>
                                               ~~~~~^~~~~~~~~~~
                                                    is_signed
/Library/Developer/CommandLineTools/SDKs/MacOSX.sdk/usr/include/c++/v1/__type_traits/is_signed.h:24:29: note: 'is_signed' declared here
struct _LIBCPP_TEMPLATE_VIS is_signed : _BoolConstant<__is_signed(_Tp)> { };
                            ^
In file included from ../src/addon.cpp:2:
In file included from ../src/addon.h:1:
In file included from /Users/ainur/Library/Caches/node-gyp/23.11.0/include/node/node.h:73:
In file included from /Users/ainur/Library/Caches/node-gyp/23.11.0/include/node/v8.h:24:
In file included from /Users/ainur/Library/Caches/node-gyp/23.11.0/include/node/v8-array-buffer.h:12:
In file included from /Users/ainur/Library/Caches/node-gyp/23.11.0/include/node/v8-local-handle.h:13:
In file included from /Users/ainur/Library/Caches/node-gyp/23.11.0/include/node/v8-handle-base.h:8:
/Users/ainur/Library/Caches/node-gyp/23.11.0/include/node/v8-internal.h:94:53: error: member 'is_signed' declared as a template
                                               std::is_signed_v<T>>* = nullptr>
                                                    ^
/Users/ainur/Library/Caches/node-gyp/23.11.0/include/node/v8-internal.h:94:68: error: expected ';' at end of declaration list
                                               std::is_signed_v<T>>* = nullptr>
                                                                   ^
                                                                   ;
/Users/ainur/Library/Caches/node-gyp/23.11.0/include/node/v8-internal.h:88:9: warning: variable declaration in a constexpr function is a C++14 extension [-Wc++14-extensions]
    int shift_bits = kSmiTagSize + kSmiShiftSize;
        ^
/Users/ainur/Library/Caches/node-gyp/23.11.0/include/node/v8-internal.h:143:36: error: no type named 'enable_if_t' in namespace 'std'
  template <class T, typename std::enable_if_t<std::is_integral_v<T> &&
                     ~~~~~~~~~~~~~~^~~~~~~~~~~
/Users/ainur/Library/Caches/node-gyp/23.11.0/include/node/v8-internal.h:143:47: error: expected ',' or '>' in template-parameter-list
  template <class T, typename std::enable_if_t<std::is_integral_v<T> &&
                                              ^
/Users/ainur/Library/Caches/node-gyp/23.11.0/include/node/v8-internal.h:144:53: error: no template named 'is_signed_v' in namespace 'std'; did you mean 'is_signed'?
                                               std::is_signed_v<T>>* = nullptr>
                                               ~~~~~^~~~~~~~~~~
                                                    is_signed
/Library/Developer/CommandLineTools/SDKs/MacOSX.sdk/usr/include/c++/v1/__type_traits/is_signed.h:24:29: note: 'is_signed' declared here
struct _LIBCPP_TEMPLATE_VIS is_signed : _BoolConstant<__is_signed(_Tp)> { };
                            ^
In file included from ../src/addon.cpp:2:
In file included from ../src/addon.h:1:
In file included from /Users/ainur/Library/Caches/node-gyp/23.11.0/include/node/node.h:73:
In file included from /Users/ainur/Library/Caches/node-gyp/23.11.0/include/node/v8.h:24:
In file included from /Users/ainur/Library/Caches/node-gyp/23.11.0/include/node/v8-array-buffer.h:12:
In file included from /Users/ainur/Library/Caches/node-gyp/23.11.0/include/node/v8-local-handle.h:13:
In file included from /Users/ainur/Library/Caches/node-gyp/23.11.0/include/node/v8-handle-base.h:8:
/Users/ainur/Library/Caches/node-gyp/23.11.0/include/node/v8-internal.h:144:53: error: member 'is_signed' declared as a template
                                               std::is_signed_v<T>>* = nullptr>
                                                    ^
/Users/ainur/Library/Caches/node-gyp/23.11.0/include/node/v8-internal.h:144:68: error: expected ';' at end of declaration list
                                               std::is_signed_v<T>>* = nullptr>
                                                                   ^
                                                                   ;
/Users/ainur/Library/Caches/node-gyp/23.11.0/include/node/v8-internal.h:138:9: warning: variable declaration in a constexpr function is a C++14 extension [-Wc++14-extensions]
    int shift_bits = kSmiTagSize + kSmiShiftSize;
        ^
/Users/ainur/Library/Caches/node-gyp/23.11.0/include/node/v8-internal.h:679:30: warning: 'static_assert' with no message is a C++17 extension [-Wc++17-extensions]
SHARED_EXTERNAL_POINTER_TAGS(CHECK_SHARED_EXTERNAL_POINTER_TAGS)
                             ^
/Users/ainur/Library/Caches/node-gyp/23.11.0/include/node/v8-internal.h:679:30: warning: 'static_assert' with no message is a C++17 extension [-Wc++17-extensions]
/Users/ainur/Library/Caches/node-gyp/23.11.0/include/node/v8-internal.h:679:30: warning: 'static_assert' with no message is a C++17 extension [-Wc++17-extensions]
/Users/ainur/Library/Caches/node-gyp/23.11.0/include/node/v8-internal.h:679:30: warning: 'static_assert' with no message is a C++17 extension [-Wc++17-extensions]
/Users/ainur/Library/Caches/node-gyp/23.11.0/include/node/v8-internal.h:679:30: warning: 'static_assert' with no message is a C++17 extension [-Wc++17-extensions]
/Users/ainur/Library/Caches/node-gyp/23.11.0/include/node/v8-internal.h:680:35: warning: 'static_assert' with no message is a C++17 extension [-Wc++17-extensions]
PER_ISOLATE_EXTERNAL_POINTER_TAGS(CHECK_NON_SHARED_EXTERNAL_POINTER_TAGS)
                                  ^
/Users/ainur/Library/Caches/node-gyp/23.11.0/include/node/v8-internal.h:680:35: warning: 'static_assert' with no message is a C++17 extension [-Wc++17-extensions]
/Users/ainur/Library/Caches/node-gyp/23.11.0/include/node/v8-internal.h:680:35: warning: 'static_assert' with no message is a C++17 extension [-Wc++17-extensions]
/Users/ainur/Library/Caches/node-gyp/23.11.0/include/node/v8-internal.h:680:35: warning: 'static_assert' with no message is a C++17 extension [-Wc++17-extensions]
/Users/ainur/Library/Caches/node-gyp/23.11.0/include/node/v8-internal.h:680:35: warning: 'static_assert' with no message is a C++17 extension [-Wc++17-extensions]
/Users/ainur/Library/Caches/node-gyp/23.11.0/include/node/v8-internal.h:680:35: warning: 'static_assert' with no message is a C++17 extension [-Wc++17-extensions]
/Users/ainur/Library/Caches/node-gyp/23.11.0/include/node/v8-internal.h:680:35: warning: 'static_assert' with no message is a C++17 extension [-Wc++17-extensions]
/Users/ainur/Library/Caches/node-gyp/23.11.0/include/node/v8-internal.h:680:35: warning: 'static_assert' with no message is a C++17 extension [-Wc++17-extensions]
/Users/ainur/Library/Caches/node-gyp/23.11.0/include/node/v8-internal.h:680:35: warning: 'static_assert' with no message is a C++17 extension [-Wc++17-extensions]
/Users/ainur/Library/Caches/node-gyp/23.11.0/include/node/v8-internal.h:680:35: warning: 'static_assert' with no message is a C++17 extension [-Wc++17-extensions]
/Users/ainur/Library/Caches/node-gyp/23.11.0/include/node/v8-internal.h:680:35: warning: 'static_assert' with no message is a C++17 extension [-Wc++17-extensions]
/Users/ainur/Library/Caches/node-gyp/23.11.0/include/node/v8-internal.h:680:35: warning: 'static_assert' with no message is a C++17 extension [-Wc++17-extensions]
/Users/ainur/Library/Caches/node-gyp/23.11.0/include/node/v8-internal.h:680:35: warning: 'static_assert' with no message is a C++17 extension [-Wc++17-extensions]
/Users/ainur/Library/Caches/node-gyp/23.11.0/include/node/v8-internal.h:680:35: warning: 'static_assert' with no message is a C++17 extension [-Wc++17-extensions]
/Users/ainur/Library/Caches/node-gyp/23.11.0/include/node/v8-internal.h:680:35: warning: 'static_assert' with no message is a C++17 extension [-Wc++17-extensions]
/Users/ainur/Library/Caches/node-gyp/23.11.0/include/node/v8-internal.h:680:35: warning: 'static_assert' with no message is a C++17 extension [-Wc++17-extensions]
/Users/ainur/Library/Caches/node-gyp/23.11.0/include/node/v8-internal.h:680:35: warning: 'static_assert' with no message is a C++17 extension [-Wc++17-extensions]
/Users/ainur/Library/Caches/node-gyp/23.11.0/include/node/v8-internal.h:680:35: warning: 'static_assert' with no message is a C++17 extension [-Wc++17-extensions]
/Users/ainur/Library/Caches/node-gyp/23.11.0/include/node/v8-internal.h:680:35: warning: 'static_assert' with no message is a C++17 extension [-Wc++17-extensions]
/Users/ainur/Library/Caches/node-gyp/23.11.0/include/node/v8-internal.h:680:35: warning: 'static_assert' with no message is a C++17 extension [-Wc++17-extensions]
/Users/ainur/Library/Caches/node-gyp/23.11.0/include/node/v8-internal.h:680:35: warning: 'static_assert' with no message is a C++17 extension [-Wc++17-extensions]
/Users/ainur/Library/Caches/node-gyp/23.11.0/include/node/v8-internal.h:680:35: warning: 'static_assert' with no message is a C++17 extension [-Wc++17-extensions]
/Users/ainur/Library/Caches/node-gyp/23.11.0/include/node/v8-internal.h:680:35: warning: 'static_assert' with no message is a C++17 extension [-Wc++17-extensions]
/Users/ainur/Library/Caches/node-gyp/23.11.0/include/node/v8-internal.h:680:35: warning: 'static_assert' with no message is a C++17 extension [-Wc++17-extensions]
/Users/ainur/Library/Caches/node-gyp/23.11.0/include/node/v8-internal.h:680:35: warning: 'static_assert' with no message is a C++17 extension [-Wc++17-extensions]
/Users/ainur/Library/Caches/node-gyp/23.11.0/include/node/v8-internal.h:680:35: warning: 'static_assert' with no message is a C++17 extension [-Wc++17-extensions]
/Users/ainur/Library/Caches/node-gyp/23.11.0/include/node/v8-internal.h:680:35: warning: 'static_assert' with no message is a C++17 extension [-Wc++17-extensions]
/Users/ainur/Library/Caches/node-gyp/23.11.0/include/node/v8-internal.h:680:35: warning: 'static_assert' with no message is a C++17 extension [-Wc++17-extensions]
/Users/ainur/Library/Caches/node-gyp/23.11.0/include/node/v8-internal.h:680:35: warning: 'static_assert' with no message is a C++17 extension [-Wc++17-extensions]
/Users/ainur/Library/Caches/node-gyp/23.11.0/include/node/v8-internal.h:680:35: warning: 'static_assert' with no message is a C++17 extension [-Wc++17-extensions]
/Users/ainur/Library/Caches/node-gyp/23.11.0/include/node/v8-internal.h:680:35: warning: 'static_assert' with no message is a C++17 extension [-Wc++17-extensions]
/Users/ainur/Library/Caches/node-gyp/23.11.0/include/node/v8-internal.h:680:35: warning: 'static_assert' with no message is a C++17 extension [-Wc++17-extensions]
/Users/ainur/Library/Caches/node-gyp/23.11.0/include/node/v8-internal.h:680:35: warning: 'static_assert' with no message is a C++17 extension [-Wc++17-extensions]
/Users/ainur/Library/Caches/node-gyp/23.11.0/include/node/v8-internal.h:680:35: warning: 'static_assert' with no message is a C++17 extension [-Wc++17-extensions]
/Users/ainur/Library/Caches/node-gyp/23.11.0/include/node/v8-internal.h:680:35: warning: 'static_assert' with no message is a C++17 extension [-Wc++17-extensions]
/Users/ainur/Library/Caches/node-gyp/23.11.0/include/node/v8-internal.h:680:35: warning: 'static_assert' with no message is a C++17 extension [-Wc++17-extensions]
/Users/ainur/Library/Caches/node-gyp/23.11.0/include/node/v8-internal.h:680:35: warning: 'static_assert' with no message is a C++17 extension [-Wc++17-extensions]
/Users/ainur/Library/Caches/node-gyp/23.11.0/include/node/v8-internal.h:680:35: warning: 'static_assert' with no message is a C++17 extension [-Wc++17-extensions]
/Users/ainur/Library/Caches/node-gyp/23.11.0/include/node/v8-internal.h:680:35: warning: 'static_assert' with no message is a C++17 extension [-Wc++17-extensions]
/Users/ainur/Library/Caches/node-gyp/23.11.0/include/node/v8-internal.h:680:35: warning: 'static_assert' with no message is a C++17 extension [-Wc++17-extensions]
/Users/ainur/Library/Caches/node-gyp/23.11.0/include/node/v8-internal.h:680:35: warning: 'static_assert' with no message is a C++17 extension [-Wc++17-extensions]
/Users/ainur/Library/Caches/node-gyp/23.11.0/include/node/v8-internal.h:680:35: warning: 'static_assert' with no message is a C++17 extension [-Wc++17-extensions]
/Users/ainur/Library/Caches/node-gyp/23.11.0/include/node/v8-internal.h:680:35: warning: 'static_assert' with no message is a C++17 extension [-Wc++17-extensions]
/Users/ainur/Library/Caches/node-gyp/23.11.0/include/node/v8-internal.h:680:35: warning: 'static_assert' with no message is a C++17 extension [-Wc++17-extensions]
/Users/ainur/Library/Caches/node-gyp/23.11.0/include/node/v8-internal.h:680:35: warning: 'static_assert' with no message is a C++17 extension [-Wc++17-extensions]
/Users/ainur/Library/Caches/node-gyp/23.11.0/include/node/v8-internal.h:680:35: warning: 'static_assert' with no message is a C++17 extension [-Wc++17-extensions]
/Users/ainur/Library/Caches/node-gyp/23.11.0/include/node/v8-internal.h:680:35: warning: 'static_assert' with no message is a C++17 extension [-Wc++17-extensions]
/Users/ainur/Library/Caches/node-gyp/23.11.0/include/node/v8-internal.h:680:35: warning: 'static_assert' with no message is a C++17 extension [-Wc++17-extensions]
/Users/ainur/Library/Caches/node-gyp/23.11.0/include/node/v8-internal.h:680:35: warning: 'static_assert' with no message is a C++17 extension [-Wc++17-extensions]
/Users/ainur/Library/Caches/node-gyp/23.11.0/include/node/v8-internal.h:680:35: warning: 'static_assert' with no message is a C++17 extension [-Wc++17-extensions]
/Users/ainur/Library/Caches/node-gyp/23.11.0/include/node/v8-internal.h:680:35: warning: 'static_assert' with no message is a C++17 extension [-Wc++17-extensions]
/Users/ainur/Library/Caches/node-gyp/23.11.0/include/node/v8-internal.h:680:35: warning: 'static_assert' with no message is a C++17 extension [-Wc++17-extensions]
/Users/ainur/Library/Caches/node-gyp/23.11.0/include/node/v8-internal.h:680:35: warning: 'static_assert' with no message is a C++17 extension [-Wc++17-extensions]
/Users/ainur/Library/Caches/node-gyp/23.11.0/include/node/v8-internal.h:680:35: warning: 'static_assert' with no message is a C++17 extension [-Wc++17-extensions]
/Users/ainur/Library/Caches/node-gyp/23.11.0/include/node/v8-internal.h:785:42: warning: 'static_assert' with no message is a C++17 extension [-Wc++17-extensions]
static_assert(kCodePointerHandleShift > 0);
                                         ^
                                         , ""
/Users/ainur/Library/Caches/node-gyp/23.11.0/include/node/v8-internal.h:786:45: warning: 'static_assert' with no message is a C++17 extension [-Wc++17-extensions]
static_assert(kTrustedPointerHandleShift > 0);
                                            ^
                                            , ""
/Users/ainur/Library/Caches/node-gyp/23.11.0/include/node/v8-internal.h:1071:27: error: no type named 'enable_if_t' in namespace 'std'
            typename std::enable_if_t<std::is_integral_v<T>>* = nullptr>
            ~~~~~~~~~~~~~~^~~~~~~~~~~
/Users/ainur/Library/Caches/node-gyp/23.11.0/include/node/v8-internal.h:1071:38: error: expected ',' or '>' in template-parameter-list
            typename std::enable_if_t<std::is_integral_v<T>>* = nullptr>
                                     ^
/Users/ainur/Library/Caches/node-gyp/23.11.0/include/node/v8-internal.h:1071:60: error: expected member name or ';' after declaration specifiers
            typename std::enable_if_t<std::is_integral_v<T>>* = nullptr>
                                                           ^
/Users/ainur/Library/Caches/node-gyp/23.11.0/include/node/v8-internal.h:1337:38: error: no template named 'remove_cv_t' in namespace 'std'; did you mean 'remove_cv'?
            !std::is_same<Data, std::remove_cv_t<T>>::value>::Perform(data);
                                ~~~~~^~~~~~~~~~~
                                     remove_cv
/Library/Developer/CommandLineTools/SDKs/MacOSX.sdk/usr/include/c++/v1/__type_traits/remove_cv.h:22:50: note: 'remove_cv' declared here
template <class _Tp> struct _LIBCPP_TEMPLATE_VIS remove_cv
                                                 ^
In file included from ../src/addon.cpp:2:
In file included from ../src/addon.h:1:
In file included from /Users/ainur/Library/Caches/node-gyp/23.11.0/include/node/node.h:73:
In file included from /Users/ainur/Library/Caches/node-gyp/23.11.0/include/node/v8.h:24:
In file included from /Users/ainur/Library/Caches/node-gyp/23.11.0/include/node/v8-array-buffer.h:12:
In file included from /Users/ainur/Library/Caches/node-gyp/23.11.0/include/node/v8-local-handle.h:13:
In file included from /Users/ainur/Library/Caches/node-gyp/23.11.0/include/node/v8-handle-base.h:8:
/Users/ainur/Library/Caches/node-gyp/23.11.0/include/node/v8-internal.h:1401:13: error: no template named 'is_void_v' in namespace 'std'; did you mean 'is_void'?
      !std::is_void_v<ElementType> ||
       ~~~~~^~~~~~~~~
            is_void
/Library/Developer/CommandLineTools/SDKs/MacOSX.sdk/usr/include/c++/v1/__type_traits/is_void.h:24:29: note: 'is_void' declared here
struct _LIBCPP_TEMPLATE_VIS is_void : _BoolConstant<__is_void(_Tp)> { };
                            ^
In file included from ../src/addon.cpp:2:
In file included from ../src/addon.h:1:
In file included from /Users/ainur/Library/Caches/node-gyp/23.11.0/include/node/node.h:73:
In file included from /Users/ainur/Library/Caches/node-gyp/23.11.0/include/node/v8.h:24:
In file included from /Users/ainur/Library/Caches/node-gyp/23.11.0/include/node/v8-array-buffer.h:12:
In file included from /Users/ainur/Library/Caches/node-gyp/23.11.0/include/node/v8-local-handle.h:13:
In file included from /Users/ainur/Library/Caches/node-gyp/23.11.0/include/node/v8-handle-base.h:8:
/Users/ainur/Library/Caches/node-gyp/23.11.0/include/node/v8-internal.h:1401:36: error: expected '(' for function-style cast or type construction
      !std::is_void_v<ElementType> ||
       ~~~~~~~~~~~~~~~~~~~~~~~~~~~ ^
/Users/ainur/Library/Caches/node-gyp/23.11.0/include/node/v8-internal.h:1402:13: error: no template named 'is_convertible_v' in namespace 'std'; did you mean 'is_convertible'?
      (std::is_convertible_v<typename std::iterator_traits<Iterator>::pointer,
       ~~~~~^~~~~~~~~~~~~~~~
            is_convertible
/Library/Developer/CommandLineTools/SDKs/MacOSX.sdk/usr/include/c++/v1/__type_traits/is_convertible.h:29:61: note: 'is_convertible' declared here
template <class _T1, class _T2> struct _LIBCPP_TEMPLATE_VIS is_convertible
                                                            ^
In file included from ../src/addon.cpp:2:
In file included from ../src/addon.h:1:
In file included from /Users/ainur/Library/Caches/node-gyp/23.11.0/include/node/node.h:73:
In file included from /Users/ainur/Library/Caches/node-gyp/23.11.0/include/node/v8.h:24:
In file included from /Users/ainur/Library/Caches/node-gyp/23.11.0/include/node/v8-array-buffer.h:12:
In file included from /Users/ainur/Library/Caches/node-gyp/23.11.0/include/node/v8-local-handle.h:13:
In file included from /Users/ainur/Library/Caches/node-gyp/23.11.0/include/node/v8-handle-base.h:8:
/Users/ainur/Library/Caches/node-gyp/23.11.0/include/node/v8-internal.h:1404:13: error: no template named 'is_convertible_v' in namespace 'std'; did you mean 'is_convertible'?
       std::is_convertible_v<typename std::iterator_traits<Iterator>::reference,
       ~~~~~^~~~~~~~~~~~~~~~
            is_convertible
/Library/Developer/CommandLineTools/SDKs/MacOSX.sdk/usr/include/c++/v1/__type_traits/is_convertible.h:29:61: note: 'is_convertible' declared here
template <class _T1, class _T2> struct _LIBCPP_TEMPLATE_VIS is_convertible
                                                            ^
fatal error: too many errors emitted, stopping now [-ferror-limit=]
64 warnings and 20 errors generated.
make: *** [Release/obj.target/uws/src/addon.o] Error 1
gyp ERR! build error 
gyp ERR! stack Error: `make` failed with exit code: 2
gyp ERR! stack at ChildProcess.<anonymous> (/opt/homebrew/lib/node_modules/npm/node_modules/node-gyp/lib/build.js:216:23)
gyp ERR! System Darwin 22.6.0
gyp ERR! command "/opt/homebrew/Cellar/node/23.11.0/bin/node" "/opt/homebrew/lib/node_modules/npm/node_modules/node-gyp/bin/node-gyp.js" "rebuild"
gyp ERR! cwd /Users/ainur/Desktop/js30/19UnrealWebcamFun/node_modules/uws
gyp ERR! node -v v23.11.0
gyp ERR! node-gyp -v v11.0.0
gyp ERR! not ok 
